<?xml version="1.0" encoding="UTF-8"?>
<testng-results ignored="0" total="1" passed="1" failed="0" skipped="0">
  <reporter-output>
  </reporter-output>
  <suite started-at="2023-08-14T16:04:21 IST" name="Default suite" finished-at="2023-08-14T16:04:31 IST" duration-ms="10611">
    <groups>
    </groups>
    <test started-at="2023-08-14T16:04:21 IST" name="Default test" finished-at="2023-08-14T16:04:31 IST" duration-ms="10611">
      <class name="capgemini.Tests.IITdAutomation">
        <test-method signature="invokeBrowser()[pri:0, instance:capgemini.Tests.IITdAutomation@4d154ccd]" started-at="2023-08-14T16:04:21 IST" name="invokeBrowser" finished-at="2023-08-14T16:04:31 IST" duration-ms="10534" status="PASS">
          <reporter-output>
          </reporter-output>
        </test-method> <!-- invokeBrowser -->
      </class> <!-- capgemini.Tests.IITdAutomation -->
    </test> <!-- Default test -->
  </suite> <!-- Default suite -->
</testng-results>
